0 info it worked if it ends with ok
1 verbose cli [ '/Users/mosco/.nvm/versions/node/v5.2.0/bin/node',
1 verbose cli   '/Users/mosco/.nvm/versions/node/v5.2.0/bin/npm',
1 verbose cli   'deprecate',
1 verbose cli   'react-native-flip-card@3.3.2',
1 verbose cli   'This version has warning error' ]
2 info using npm@3.3.12
3 info using node@v5.2.0
4 silly mapToRegistry name react-native-flip-card
5 silly mapToRegistry using default registry
6 silly mapToRegistry registry https://registry.npmjs.org/
7 silly mapToRegistry uri https://registry.npmjs.org/react-native-flip-card
8 verbose get GET as part of write; not caching result
9 verbose request uri https://registry.npmjs.org/react-native-flip-card?write=true
10 verbose request no auth needed
11 info attempt registry request try #1 at 16:12:36
12 verbose request using bearer token for auth
13 verbose request id 97738787c31a5336
14 http request GET https://registry.npmjs.org/react-native-flip-card?write=true
15 http 200 https://registry.npmjs.org/react-native-flip-card?write=true
16 verbose headers { 'content-type': 'application/json',
16 verbose headers   server: 'nginx/1.10.1',
16 verbose headers   'last-modified': 'Wed, 15 Feb 2017 13:14:41 GMT',
16 verbose headers   etag: 'W/"58a45441-3c96"',
16 verbose headers   'content-encoding': 'gzip',
16 verbose headers   'cache-control': 'max-age=0',
16 verbose headers   'transfer-encoding': 'chunked',
16 verbose headers   'accept-ranges': 'bytes',
16 verbose headers   date: 'Sat, 18 Feb 2017 08:12:37 GMT',
16 verbose headers   via: '1.1 varnish',
16 verbose headers   connection: 'keep-alive',
16 verbose headers   'x-served-by': 'cache-sin6922-SIN',
16 verbose headers   'x-cache': 'MISS',
16 verbose headers   'x-cache-hits': '0',
16 verbose headers   'x-timer': 'S1487405557.121955,VS0,VE822',
16 verbose headers   vary: 'Accept-Encoding' }
17 silly get cb [ 200,
17 silly get   { 'content-type': 'application/json',
17 silly get     server: 'nginx/1.10.1',
17 silly get     'last-modified': 'Wed, 15 Feb 2017 13:14:41 GMT',
17 silly get     etag: 'W/"58a45441-3c96"',
17 silly get     'content-encoding': 'gzip',
17 silly get     'cache-control': 'max-age=0',
17 silly get     'transfer-encoding': 'chunked',
17 silly get     'accept-ranges': 'bytes',
17 silly get     date: 'Sat, 18 Feb 2017 08:12:37 GMT',
17 silly get     via: '1.1 varnish',
17 silly get     connection: 'keep-alive',
17 silly get     'x-served-by': 'cache-sin6922-SIN',
17 silly get     'x-cache': 'MISS',
17 silly get     'x-cache-hits': '0',
17 silly get     'x-timer': 'S1487405557.121955,VS0,VE822',
17 silly get     vary: 'Accept-Encoding' } ]
18 verbose get saving react-native-flip-card to /Users/mosco/.npm/registry.npmjs.org/react-native-flip-card_3Fwrite_3Dtrue/.cache.json
19 verbose request uri https://registry.npmjs.org/react-native-flip-card
20 verbose request sending authorization for write operation
21 info attempt registry request try #1 at 16:12:37
22 verbose request using bearer token for auth
23 http request PUT https://registry.npmjs.org/react-native-flip-card
24 http 500 https://registry.npmjs.org/react-native-flip-card
25 verbose headers { 'content-type': 'application/json',
25 verbose headers   'cache-control': 'max-age=0',
25 verbose headers   'content-length': '67',
25 verbose headers   'accept-ranges': 'bytes',
25 verbose headers   date: 'Sat, 18 Feb 2017 08:12:39 GMT',
25 verbose headers   via: '1.1 varnish',
25 verbose headers   connection: 'keep-alive',
25 verbose headers   'x-served-by': 'cache-sin6926-SIN',
25 verbose headers   'x-cache': 'MISS',
25 verbose headers   'x-cache-hits': '0',
25 verbose headers   'x-timer': 'S1487405558.158423,VS0,VE1159' }
26 info retry will retry, error on last attempt: Error: "react-native-flip-card status = 403" : react-native-flip-card
27 info attempt registry request try #2 at 16:12:48
28 verbose request using bearer token for auth
29 http request PUT https://registry.npmjs.org/react-native-flip-card
30 http 500 https://registry.npmjs.org/react-native-flip-card
31 verbose headers { 'content-type': 'application/json',
31 verbose headers   'cache-control': 'max-age=0',
31 verbose headers   'content-length': '67',
31 verbose headers   'accept-ranges': 'bytes',
31 verbose headers   date: 'Sat, 18 Feb 2017 08:12:50 GMT',
31 verbose headers   via: '1.1 varnish',
31 verbose headers   connection: 'keep-alive',
31 verbose headers   'x-served-by': 'cache-sin6927-SIN',
31 verbose headers   'x-cache': 'MISS',
31 verbose headers   'x-cache-hits': '0',
31 verbose headers   'x-timer': 'S1487405569.532820,VS0,VE854' }
32 info retry will retry, error on last attempt: Error: "react-native-flip-card status = 403" : react-native-flip-card
33 info attempt registry request try #3 at 16:13:49
34 verbose request using bearer token for auth
35 http request PUT https://registry.npmjs.org/react-native-flip-card
36 http 500 https://registry.npmjs.org/react-native-flip-card
37 verbose headers { 'content-type': 'application/json',
37 verbose headers   'cache-control': 'max-age=0',
37 verbose headers   'content-length': '67',
37 verbose headers   'accept-ranges': 'bytes',
37 verbose headers   date: 'Sat, 18 Feb 2017 08:13:51 GMT',
37 verbose headers   via: '1.1 varnish',
37 verbose headers   connection: 'keep-alive',
37 verbose headers   'x-served-by': 'cache-sin6922-SIN',
37 verbose headers   'x-cache': 'MISS',
37 verbose headers   'x-cache-hits': '0',
37 verbose headers   'x-timer': 'S1487405630.676292,VS0,VE908' }
38 verbose request invalidating /Users/mosco/.npm/registry.npmjs.org/react-native-flip-card on PUT
39 verbose stack Error: "react-native-flip-card status = 403" : react-native-flip-card
39 verbose stack     at makeError (/Users/mosco/.nvm/versions/node/v5.2.0/lib/node_modules/npm/node_modules/npm-registry-client/lib/request.js:264:12)
39 verbose stack     at CachingRegistryClient.<anonymous> (/Users/mosco/.nvm/versions/node/v5.2.0/lib/node_modules/npm/node_modules/npm-registry-client/lib/request.js:252:14)
39 verbose stack     at Request._callback (/Users/mosco/.nvm/versions/node/v5.2.0/lib/node_modules/npm/node_modules/npm-registry-client/lib/request.js:172:14)
39 verbose stack     at Request.self.callback (/Users/mosco/.nvm/versions/node/v5.2.0/lib/node_modules/npm/node_modules/request/request.js:198:22)
39 verbose stack     at emitTwo (events.js:88:13)
39 verbose stack     at Request.emit (events.js:173:7)
39 verbose stack     at Request.<anonymous> (/Users/mosco/.nvm/versions/node/v5.2.0/lib/node_modules/npm/node_modules/request/request.js:1082:10)
39 verbose stack     at emitOne (events.js:83:20)
39 verbose stack     at Request.emit (events.js:170:7)
39 verbose stack     at IncomingMessage.<anonymous> (/Users/mosco/.nvm/versions/node/v5.2.0/lib/node_modules/npm/node_modules/request/request.js:1009:12)
40 verbose statusCode 500
41 verbose pkgid react-native-flip-card
42 verbose cwd /Users/mosco/.ghq/github.com/moschan/react-native-flip-card
43 error Darwin 15.6.0
44 error argv "/Users/mosco/.nvm/versions/node/v5.2.0/bin/node" "/Users/mosco/.nvm/versions/node/v5.2.0/bin/npm" "deprecate" "react-native-flip-card@3.3.2" "This version has warning error"
45 error node v5.2.0
46 error npm  v3.3.12
47 error code E500
48 error "react-native-flip-card status = 403" : react-native-flip-card
49 error If you need help, you may report this error at:
49 error     <https://github.com/npm/npm/issues>
50 verbose exit [ 1, true ]
